[debug] [2017-11-25T12:13:35.495Z] ----------------------------------------------------------------------
[debug] [2017-11-25T12:13:35.511Z] Command:       C:\Program Files\nodejs\node.exe C:\Users\Roatha\AppData\Roaming\npm\node_modules\firebase-tools\bin\firebase init
[debug] [2017-11-25T12:13:35.511Z] CLI Version:   3.15.0
[debug] [2017-11-25T12:13:35.511Z] Platform:      win32
[debug] [2017-11-25T12:13:35.511Z] Node Version:  v6.11.0
[debug] [2017-11-25T12:13:35.526Z] Time:          Sat Nov 25 2017 13:13:35 GMT+0100 (Paris, Madrid)
[debug] [2017-11-25T12:13:35.526Z] ----------------------------------------------------------------------
[debug] 
[debug] [2017-11-25T12:13:35.620Z] > command requires scopes: ["email","openid","https://www.googleapis.com/auth/cloudplatformprojects.readonly","https://www.googleapis.com/auth/firebase"]
[debug] [2017-11-25T12:13:35.620Z] > authorizing via signed-in user
[info] 
     ######## #### ########  ######## ########     ###     ######  ########
     ##        ##  ##     ## ##       ##     ##  ##   ##  ##       ##
     ######    ##  ########  ######   ########  #########  ######  ######
     ##        ##  ##    ##  ##       ##     ## ##     ##       ## ##
     ##       #### ##     ## ######## ########  ##     ##  ######  ########

You're about to initialize a Firebase project in this directory:

  C:\Users\Roatha\order-mgmt

[info] 
=== Project Setup
[info] 
[info] First, let's associate this project directory with a Firebase project.
[info] You can create multiple project aliases by running firebase use --add, 
[info] but for now we'll just set up a default project.
[info] 
[debug] [2017-11-25T12:25:14.977Z] > refreshing access token with scopes: ["email","https://www.googleapis.com/auth/cloudplatformprojects.readonly","https://www.googleapis.com/auth/firebase","openid"]
[debug] [2017-11-25T12:25:14.977Z] >>> HTTP REQUEST POST https://www.googleapis.com/oauth2/v3/token { refresh_token: '1/eSMBbeEog_IEcV-QJMo2Ni4ldJ6TECHSaAET9IsxoGs',
  client_id: '563584335869-fgrhgmd47bqnekij5i8b5pr03ho849e6.apps.googleusercontent.com',
  client_secret: 'j9iVZfS8kkCEFUPaAeJV0sAi',
  grant_type: 'refresh_token',
  scope: 'email https://www.googleapis.com/auth/cloudplatformprojects.readonly https://www.googleapis.com/auth/firebase openid' } 
 Sat Nov 25 2017 13:25:14 GMT+0100 (Paris, Madrid)
[debug] [2017-11-25T12:25:15.196Z] <<< HTTP RESPONSE 200
[debug] [2017-11-25T12:25:15.306Z] >>> HTTP REQUEST GET https://admin.firebase.com/v1/projects  
 Sat Nov 25 2017 13:25:15 GMT+0100 (Paris, Madrid)
[debug] [2017-11-25T12:25:16.415Z] <<< HTTP RESPONSE 200
[debug] [2017-11-25T12:26:12.868Z] ----------------------------------------------------------------------
[debug] [2017-11-25T12:26:12.868Z] Command:       C:\Program Files\nodejs\node.exe C:\Users\Roatha\AppData\Roaming\npm\node_modules\firebase-tools\bin\firebase init
[debug] [2017-11-25T12:26:12.868Z] CLI Version:   3.15.0
[debug] [2017-11-25T12:26:12.868Z] Platform:      win32
[debug] [2017-11-25T12:26:12.868Z] Node Version:  v6.11.0
[debug] [2017-11-25T12:26:12.868Z] Time:          Sat Nov 25 2017 13:26:12 GMT+0100 (Paris, Madrid)
[debug] [2017-11-25T12:26:12.868Z] ----------------------------------------------------------------------
[debug] 
[debug] [2017-11-25T12:26:12.993Z] > command requires scopes: ["email","openid","https://www.googleapis.com/auth/cloudplatformprojects.readonly","https://www.googleapis.com/auth/firebase"]
[debug] [2017-11-25T12:26:12.993Z] > authorizing via signed-in user
[info] 
     ######## #### ########  ######## ########     ###     ######  ########
     ##        ##  ##     ## ##       ##     ##  ##   ##  ##       ##
     ######    ##  ########  ######   ########  #########  ######  ######
     ##        ##  ##    ##  ##       ##     ## ##     ##       ## ##
     ##       #### ##     ## ######## ########  ##     ##  ######  ########

You're about to initialize a Firebase project in this directory:

  C:\Users\Roatha\order-mgmt

[info] 
=== Project Setup
[info] 
[info] First, let's associate this project directory with a Firebase project.
[info] You can create multiple project aliases by running firebase use --add, 
[info] but for now we'll just set up a default project.
[info] 
[debug] [2017-11-25T12:26:23.352Z] >>> HTTP REQUEST GET https://admin.firebase.com/v1/projects  
 Sat Nov 25 2017 13:26:23 GMT+0100 (Paris, Madrid)
[debug] [2017-11-25T12:26:24.243Z] <<< HTTP RESPONSE 200
[info] 
=== Hosting Setup
[info] 
[info] Your public directory is the folder (relative to your project directory) that
[info] will contain Hosting assets to be uploaded with firebase deploy. If you
[info] have a build process for your assets, use your build's output directory.
[info] 
[info] i  Skipping write of public/404.html
[debug] [2017-11-25T12:27:29.256Z] >>> HTTP REQUEST GET https://www.gstatic.com/firebasejs/releases.json  
 Sat Nov 25 2017 13:27:29 GMT+0100 (Paris, Madrid)
[debug] [2017-11-25T12:27:29.349Z] <<< HTTP RESPONSE 200
[info] i  Skipping write of public/index.html
